<?xml version="1.0" encoding="UTF-8"?>
<!-- Generated by org.testng.reporters.JUnitXMLReporter -->
<testsuite ignored="0" hostname="Amt" failures="1" tests="1" name="Test" time="5.284" errors="0" timestamp="2024-09-24T10:10:59 IST">
  <testcase classname="DownloadAndUpload.excelFileDownloadAndUpload.UploadDownload" name="getUploadDownload" time="5.243">
    <failure type="java.io.FileNotFoundException" message="C:\Users\amitn\eclipse-workspace\excelFileDownloadAndUpload (Access is denied)">
      <![CDATA[java.io.FileNotFoundException: C:\Users\amitn\eclipse-workspace\excelFileDownloadAndUpload (Access is denied)
at java.base/java.io.FileInputStream.open0(Native Method)
at java.base/java.io.FileInputStream.open(FileInputStream.java:213)
at java.base/java.io.FileInputStream.<init>(FileInputStream.java:152)
at java.base/java.io.FileInputStream.<init>(FileInputStream.java:106)
at DownloadAndUpload.excelFileDownloadAndUpload.UploadDownload.getColNumber(UploadDownload.java:136)
at DownloadAndUpload.excelFileDownloadAndUpload.UploadDownload.getUploadDownload(UploadDownload.java:53)
at java.base/java.util.ArrayList.forEach(ArrayList.java:1597)
... Removed 25 stack frames]]>
    </failure>
  </testcase> <!-- getUploadDownload -->
</testsuite> <!-- Test -->
